[INFO][handler.go:69]2020/02/03 10:06:51 [获取图形验证码 url]
[INFO][handler.go:78]2020/02/03 10:06:51 [dd8155ec-c1af-4062-a174-023df78ada2e]
[INFO][handler.go:107]2020/02/03 10:07:43 [获取短信验证码 ]
[INFO][handler.go:115]2020/02/03 10:07:43 [13680927182]
[INFO][handler.go:140]2020/02/03 10:07:43 [map[id:[dd8155ec-c1af-4062-a174-023df78ada2e] text:[6271]]]
[INFO][handler.go:107]2020/02/03 10:08:26 [获取短信验证码 ]
[INFO][handler.go:115]2020/02/03 10:08:26 [136809271821]
[INFO][handler.go:140]2020/02/03 10:08:26 [map[id:[dd8155ec-c1af-4062-a174-023df78ada2e] text:[6271]]]
[INFO][handler.go:107]2020/02/03 10:08:27 [获取短信验证码 ]
[INFO][handler.go:115]2020/02/03 10:08:27 [136809271821]
[INFO][handler.go:140]2020/02/03 10:08:27 [map[id:[dd8155ec-c1af-4062-a174-023df78ada2e] text:[6271]]]
[INFO][handler.go:107]2020/02/03 10:09:26 [获取短信验证码 ]
[INFO][handler.go:115]2020/02/03 10:09:26 [0136809271821]
[INFO][handler.go:140]2020/02/03 10:09:26 [map[id:[dd8155ec-c1af-4062-a174-023df78ada2e] text:[6271]]]
[INFO][handler.go:107]2020/02/03 10:09:48 [获取短信验证码 ]
[INFO][handler.go:115]2020/02/03 10:09:48 [0136809271821]
[INFO][handler.go:140]2020/02/03 10:10:01 [map[id:[dd8155ec-c1af-4062-a174-023df78ada2e] text:[6271]]]
[INFO][handler.go:154]2020/02/03 10:10:34 [{"id":"go.micro.client","code":408,"detail":"context deadline exceeded","status":"Request Timeout"}]
[INFO][handler.go:69]2020/02/03 10:12:42 [获取图形验证码 url]
[INFO][handler.go:78]2020/02/03 10:12:42 [a48ffe99-d51d-45cd-aa10-33615ea1bb47]
[INFO][handler.go:107]2020/02/03 10:13:14 [获取短信验证码 ]
[INFO][handler.go:115]2020/02/03 10:13:14 [1738263728]
[INFO][handler.go:135]2020/02/03 10:13:18 [手机号错误返回]
[INFO][handler.go:69]2020/02/03 10:13:27 [获取图形验证码 url]
[INFO][handler.go:78]2020/02/03 10:13:27 [2eb56de0-9d15-45e5-934b-ae4d045545c7]
[INFO][handler.go:107]2020/02/03 10:13:35 [获取短信验证码 ]
[INFO][handler.go:115]2020/02/03 10:13:35 [18676894053]
[INFO][handler.go:140]2020/02/03 10:13:35 [map[id:[2eb56de0-9d15-45e5-934b-ae4d045545c7] text:[3234]]]
[INFO][handler.go:69]2020/02/03 10:14:45 [获取图形验证码 url]
[INFO][handler.go:78]2020/02/03 10:14:45 [90dcf95e-a7c0-4a31-983b-41aa33b196ab]
[INFO][handler.go:107]2020/02/03 10:14:52 [获取短信验证码 ]
[INFO][handler.go:115]2020/02/03 10:14:52 [18637183648]
[INFO][handler.go:140]2020/02/03 10:14:52 [map[id:[90dcf95e-a7c0-4a31-983b-41aa33b196ab] text:[1374]]]
[INFO][handler.go:107]2020/02/03 10:21:19 [获取短信验证码 ]
[INFO][handler.go:115]2020/02/03 10:21:19 [18637183648]
[INFO][handler.go:140]2020/02/03 10:21:19 [map[id:[90dcf95e-a7c0-4a31-983b-41aa33b196ab] text:[1374]]]
[INFO][handler.go:69]2020/02/03 10:21:21 [获取图形验证码 url]
[INFO][handler.go:78]2020/02/03 10:21:21 [2e47ac0e-1b85-486a-bbdb-f1e24c20fc10]
[INFO][handler.go:69]2020/02/03 10:23:46 [获取图形验证码 url]
[INFO][handler.go:78]2020/02/03 10:23:46 [005016e4-6f4b-4a62-a462-eb15d74c70ac]
[INFO][handler.go:107]2020/02/03 10:24:07 [获取短信验证码 ]
[INFO][handler.go:115]2020/02/03 10:24:07 [18676894053]
[INFO][handler.go:140]2020/02/03 10:24:07 [map[id:[005016e4-6f4b-4a62-a462-eb15d74c70ac] text:[3959]]]
[INFO][handler.go:176]2020/02/03 10:24:30 [注册请求 ]
[INFO][handler.go:184]2020/02/03 10:24:30 [password ERWeVuV2hnsUgcq string]
[INFO][handler.go:184]2020/02/03 10:24:30 [sms_code 2589 string]
[INFO][handler.go:184]2020/02/03 10:24:30 [mobile 18676894053 string]
[INFO][handler.go:176]2020/02/03 10:24:42 [注册请求 ]
[INFO][handler.go:184]2020/02/03 10:24:42 [mobile 18676894053 string]
[INFO][handler.go:184]2020/02/03 10:24:42 [password 123 string]
[INFO][handler.go:184]2020/02/03 10:24:42 [sms_code 2589 string]
[INFO][handler.go:69]2020/02/03 10:25:35 [获取图形验证码 url]
[INFO][handler.go:78]2020/02/03 10:25:35 [14eb0a7c-345c-4634-aef5-7500eabaa4e3]
[INFO][handler.go:107]2020/02/03 10:25:47 [获取短信验证码 ]
[INFO][handler.go:115]2020/02/03 10:25:47 [18676894053]
[INFO][handler.go:140]2020/02/03 10:25:47 [map[id:[14eb0a7c-345c-4634-aef5-7500eabaa4e3] text:[4862]]]
[INFO][handler.go:176]2020/02/03 10:26:06 [注册请求 ]
[INFO][handler.go:184]2020/02/03 10:26:06 [mobile 18676894053 string]
[INFO][handler.go:184]2020/02/03 10:26:06 [password 123 string]
[INFO][handler.go:184]2020/02/03 10:26:06 [sms_code 2589 string]
[INFO][handler.go:176]2020/02/03 10:26:21 [注册请求 ]
[INFO][handler.go:184]2020/02/03 10:26:21 [mobile 18676894053 string]
[INFO][handler.go:184]2020/02/03 10:26:21 [password 123 string]
[INFO][handler.go:184]2020/02/03 10:26:21 [sms_code 4426 string]
[INFO][handler.go:69]2020/02/03 10:50:59 [获取图形验证码 url]
[INFO][handler.go:78]2020/02/03 10:50:59 [ff0fdac1-927f-4992-94ea-a7e0ac86171c]
[INFO][handler.go:107]2020/02/03 10:51:10 [获取短信验证码 ]
[INFO][handler.go:115]2020/02/03 10:51:10 [13678948374]
[INFO][handler.go:140]2020/02/03 10:51:10 [map[id:[ff0fdac1-927f-4992-94ea-a7e0ac86171c] text:[4791]]]
[INFO][handler.go:176]2020/02/03 10:51:24 [注册请求 ]
[INFO][handler.go:184]2020/02/03 10:51:24 [sms_code 5604 string]
[INFO][handler.go:184]2020/02/03 10:51:24 [mobile 13678948374 string]
[INFO][handler.go:184]2020/02/03 10:51:24 [password 123 string]
[INFO][handler.go:69]2020/02/03 12:34:36 [获取图形验证码 url]
[INFO][handler.go:78]2020/02/03 12:34:36 [53f4e3bf-d56f-4c0b-885a-2d44e210da8d]
[INFO][handler.go:254]2020/02/03 12:36:40 [获取Session url]
[INFO][handler.go:254]2020/02/03 12:37:18 [获取Session url]
[INFO][handler.go:254]2020/02/03 12:38:37 [获取Session url]
