[INFO][GetArea.go:20]2020/02/02 12:25:17 [请求地域信息 api/v1.0/areas]
[INFO][GetArea.go:32]2020/02/02 12:25:17 [map[conn:192.168.3.131:6379 dbNum:0 key:ihome password:123456]]
[INFO][GetArea.go:38]2020/02/02 12:25:17 [缓存创建失败 cache: unknown adapter name "redis" (forgot to import?)]
[INFO][GetArea.go:20]2020/02/02 12:26:20 [请求地域信息 api/v1.0/areas]
[INFO][GetArea.go:32]2020/02/02 12:26:20 [map[conn:192.168.3.131:6379 dbNum:0 key:ihome password:123456]]
[INFO][GetArea.go:38]2020/02/02 12:26:20 [缓存创建失败 cache: unknown adapter name "redis" (forgot to import?)]
[INFO][GetArea.go:20]2020/02/02 12:29:00 [请求地域信息 api/v1.0/areas]
[INFO][GetArea.go:32]2020/02/02 12:29:29 [map[conn:192.168.3.131:6379 dbNum:0 key:ihome password:123456]]
[INFO][GetArea.go:38]2020/02/02 12:35:05 [缓存创建失败 cache: unknown adapter name "redis" (forgot to import?)]
[INFO][GetArea.go:21]2020/02/02 12:35:35 [请求地域信息 api/v1.0/areas]
[INFO][GetArea.go:33]2020/02/02 12:35:35 [map[conn:192.168.3.131:6379 dbNum:0 key:ihome password:123456]]
[INFO][GetArea.go:67]2020/02/02 12:35:52 [没有拿到缓存]
[INFO][GetArea.go:21]2020/02/02 12:36:34 [请求地域信息 api/v1.0/areas]
[INFO][GetArea.go:33]2020/02/02 12:36:34 [map[conn:192.168.3.131:6379 dbNum:0 key:ihome password:123456]]
[INFO][GetArea.go:67]2020/02/02 12:36:34 [没有拿到缓存]
[INFO][GetArea.go:88]2020/02/02 12:36:34 [写入缓存]
[INFO][GetArea.go:104]2020/02/02 12:36:34 [0 {1 东城区 []}]
[INFO][GetArea.go:104]2020/02/02 12:36:34 [1 {2 西城区 []}]
[INFO][GetArea.go:104]2020/02/02 12:36:34 [2 {3 朝阳区 []}]
[INFO][GetArea.go:104]2020/02/02 12:36:34 [3 {4 海淀区 []}]
[INFO][GetArea.go:104]2020/02/02 12:36:34 [4 {5 昌平区 []}]
[INFO][GetArea.go:104]2020/02/02 12:36:34 [5 {6 丰台区 []}]
[INFO][GetArea.go:104]2020/02/02 12:36:34 [6 {7 房山区 []}]
[INFO][GetArea.go:104]2020/02/02 12:36:34 [7 {8 通州区 []}]
[INFO][GetArea.go:104]2020/02/02 12:36:34 [8 {9 顺义区 []}]
[INFO][GetArea.go:104]2020/02/02 12:36:34 [9 {10 大兴区 []}]
[INFO][GetArea.go:104]2020/02/02 12:36:34 [10 {11 怀柔区 []}]
[INFO][GetArea.go:104]2020/02/02 12:36:34 [11 {12 平谷区 []}]
[INFO][GetArea.go:104]2020/02/02 12:36:34 [12 {13 密云区 []}]
[INFO][GetArea.go:104]2020/02/02 12:36:34 [13 {14 延 庆区 []}]
[INFO][GetArea.go:104]2020/02/02 12:36:34 [14 {15 石景山区 []}]
[INFO][GetArea.go:21]2020/02/02 12:36:34 [请求地域信息 api/v1.0/areas]
[INFO][GetArea.go:33]2020/02/02 12:36:34 [map[conn:192.168.3.131:6379 dbNum:0 key:ihome password:123456]]
[INFO][GetArea.go:49]2020/02/02 12:36:34 [获取到缓存发送给前端]
[INFO][GetArea.go:56]2020/02/02 12:36:34 [0 map[area_id:1 area_name:东城区 houses:<nil>]]
[INFO][GetArea.go:56]2020/02/02 12:36:34 [1 map[area_id:2 area_name:西城区 houses:<nil>]]
[INFO][GetArea.go:56]2020/02/02 12:36:34 [2 map[area_id:3 area_name:朝阳区 houses:<nil>]]
[INFO][GetArea.go:56]2020/02/02 12:36:34 [3 map[area_id:4 area_name:海淀区 houses:<nil>]]
[INFO][GetArea.go:56]2020/02/02 12:36:34 [4 map[area_id:5 area_name:昌平区 houses:<nil>]]
[INFO][GetArea.go:56]2020/02/02 12:36:34 [5 map[area_id:6 area_name:丰台区 houses:<nil>]]
[INFO][GetArea.go:56]2020/02/02 12:36:34 [6 map[area_id:7 area_name:房山区 houses:<nil>]]
[INFO][GetArea.go:56]2020/02/02 12:36:34 [7 map[area_id:8 area_name:通州区 houses:<nil>]]
[INFO][GetArea.go:56]2020/02/02 12:36:34 [8 map[area_id:9 area_name:顺义区 houses:<nil>]]
[INFO][GetArea.go:56]2020/02/02 12:36:34 [9 map[area_id:10 area_name:大兴区 houses:<nil>]]
[INFO][GetArea.go:56]2020/02/02 12:36:34 [10 map[area_id:11 area_name:怀柔区 houses:<nil>]]
[INFO][GetArea.go:56]2020/02/02 12:36:34 [11 map[area_id:12 area_name:平谷区 houses:<nil>]]
[INFO][GetArea.go:56]2020/02/02 12:36:34 [12 map[area_id:13 area_name:密云区 houses:<nil>]]
[INFO][GetArea.go:56]2020/02/02 12:36:34 [13 map[area_id:14 area_name:延 庆区 houses:<nil>]]
[INFO][GetArea.go:56]2020/02/02 12:36:34 [14 map[area_id:15 area_name:石景山区 houses:<nil>]]
[INFO][GetArea.go:21]2020/02/02 12:37:01 [请求地域信息 api/v1.0/areas]
[INFO][GetArea.go:33]2020/02/02 12:37:01 [map[conn:192.168.3.131:6379 dbNum:0 key:ihome password:123456]]
[INFO][GetArea.go:49]2020/02/02 12:37:01 [获取到缓存发送给前端]
[INFO][GetArea.go:56]2020/02/02 12:37:01 [0 map[area_id:1 area_name:东城区 houses:<nil>]]
[INFO][GetArea.go:56]2020/02/02 12:37:01 [1 map[area_id:2 area_name:西城区 houses:<nil>]]
[INFO][GetArea.go:56]2020/02/02 12:37:01 [2 map[area_id:3 area_name:朝阳区 houses:<nil>]]
[INFO][GetArea.go:56]2020/02/02 12:37:01 [3 map[area_id:4 area_name:海淀区 houses:<nil>]]
[INFO][GetArea.go:56]2020/02/02 12:37:01 [4 map[area_id:5 area_name:昌平区 houses:<nil>]]
[INFO][GetArea.go:56]2020/02/02 12:37:01 [5 map[area_id:6 area_name:丰台区 houses:<nil>]]
[INFO][GetArea.go:56]2020/02/02 12:37:01 [6 map[area_id:7 area_name:房山区 houses:<nil>]]
[INFO][GetArea.go:56]2020/02/02 12:37:01 [7 map[area_id:8 area_name:通州区 houses:<nil>]]
[INFO][GetArea.go:56]2020/02/02 12:37:01 [8 map[area_id:9 area_name:顺义区 houses:<nil>]]
[INFO][GetArea.go:56]2020/02/02 12:37:01 [9 map[area_id:10 area_name:大兴区 houses:<nil>]]
[INFO][GetArea.go:56]2020/02/02 12:37:01 [10 map[area_id:11 area_name:怀柔区 houses:<nil>]]
[INFO][GetArea.go:56]2020/02/02 12:37:01 [11 map[area_id:12 area_name:平谷区 houses:<nil>]]
[INFO][GetArea.go:56]2020/02/02 12:37:01 [12 map[area_id:13 area_name:密云区 houses:<nil>]]
[INFO][GetArea.go:56]2020/02/02 12:37:01 [13 map[area_id:14 area_name:延 庆区 houses:<nil>]]
[INFO][GetArea.go:56]2020/02/02 12:37:01 [14 map[area_id:15 area_name:石景山区 houses:<nil>]]
[INFO][GetArea.go:21]2020/02/02 12:37:01 [请求地域信息 api/v1.0/areas]
[INFO][GetArea.go:33]2020/02/02 12:37:01 [map[conn:192.168.3.131:6379 dbNum:0 key:ihome password:123456]]
[INFO][GetArea.go:49]2020/02/02 12:37:01 [获取到缓存发送给前端]
[INFO][GetArea.go:56]2020/02/02 12:37:01 [0 map[area_id:1 area_name:东城区 houses:<nil>]]
[INFO][GetArea.go:56]2020/02/02 12:37:01 [1 map[area_id:2 area_name:西城区 houses:<nil>]]
[INFO][GetArea.go:56]2020/02/02 12:37:01 [2 map[area_id:3 area_name:朝阳区 houses:<nil>]]
[INFO][GetArea.go:56]2020/02/02 12:37:01 [3 map[area_id:4 area_name:海淀区 houses:<nil>]]
[INFO][GetArea.go:56]2020/02/02 12:37:01 [4 map[area_id:5 area_name:昌平区 houses:<nil>]]
[INFO][GetArea.go:56]2020/02/02 12:37:01 [5 map[area_id:6 area_name:丰台区 houses:<nil>]]
[INFO][GetArea.go:56]2020/02/02 12:37:01 [6 map[area_id:7 area_name:房山区 houses:<nil>]]
[INFO][GetArea.go:56]2020/02/02 12:37:01 [7 map[area_id:8 area_name:通州区 houses:<nil>]]
[INFO][GetArea.go:56]2020/02/02 12:37:01 [8 map[area_id:9 area_name:顺义区 houses:<nil>]]
[INFO][GetArea.go:56]2020/02/02 12:37:01 [9 map[area_id:10 area_name:大兴区 houses:<nil>]]
[INFO][GetArea.go:56]2020/02/02 12:37:01 [10 map[area_id:11 area_name:怀柔区 houses:<nil>]]
[INFO][GetArea.go:56]2020/02/02 12:37:01 [11 map[area_id:12 area_name:平谷区 houses:<nil>]]
[INFO][GetArea.go:56]2020/02/02 12:37:01 [12 map[area_id:13 area_name:密云区 houses:<nil>]]
[INFO][GetArea.go:56]2020/02/02 12:37:01 [13 map[area_id:14 area_name:延 庆区 houses:<nil>]]
[INFO][GetArea.go:56]2020/02/02 12:37:01 [14 map[area_id:15 area_name:石景山区 houses:<nil>]]
[INFO][GetArea.go:21]2020/02/02 12:37:10 [请求地域信息 api/v1.0/areas]
[INFO][GetArea.go:33]2020/02/02 12:37:10 [map[conn:192.168.3.131:6379 dbNum:0 key:ihome password:123456]]
[INFO][GetArea.go:49]2020/02/02 12:37:29 [获取到缓存发送给前端]
[INFO][GetArea.go:21]2020/02/02 12:37:31 [请求地域信息 api/v1.0/areas]
[INFO][GetArea.go:56]2020/02/02 12:37:33 [0 map[area_id:1 area_name:东城区 houses:<nil>]]
[INFO][GetArea.go:56]2020/02/02 12:38:21 [1 map[area_id:2 area_name:西城区 houses:<nil>]]
[INFO][GetArea.go:56]2020/02/02 12:38:34 [2 map[area_id:3 area_name:朝阳区 houses:<nil>]]
[INFO][GetArea.go:56]2020/02/02 12:38:44 [map[conn:192.168.3.131:6379 dbNum:0 key:ihome password:123456]]
[INFO][GetArea.go:56]2020/02/02 12:38:44 [3 map[area_id:4 area_name:海淀区 houses:<nil>]]
[INFO][GetArea.go:56]2020/02/02 12:39:08 [获取到缓存发送给前端]
[INFO][GetArea.go:56]2020/02/02 12:39:08 [4 map[area_id:5 area_name:昌平区 houses:<nil>]]
[INFO][GetArea.go:56]2020/02/02 12:39:08 [5 map[area_id:6 area_name:丰台区 houses:<nil>]]
[INFO][GetArea.go:56]2020/02/02 12:39:08 [6 map[area_id:7 area_name:房山区 houses:<nil>]]
[INFO][GetArea.go:56]2020/02/02 12:39:08 [7 map[area_id:8 area_name:通州区 houses:<nil>]]
[INFO][GetArea.go:56]2020/02/02 12:39:08 [0 map[area_id:1 area_name:东城区 houses:<nil>]]
[INFO][GetArea.go:56]2020/02/02 12:39:08 [1 map[area_id:2 area_name:西城区 houses:<nil>]]
[INFO][GetArea.go:56]2020/02/02 12:39:08 [2 map[area_id:3 area_name:朝阳区 houses:<nil>]]
[INFO][GetArea.go:56]2020/02/02 12:39:08 [8 map[area_id:9 area_name:顺义区 houses:<nil>]]
[INFO][GetArea.go:56]2020/02/02 12:39:08 [9 map[area_id:10 area_name:大兴区 houses:<nil>]]
[INFO][GetArea.go:56]2020/02/02 12:39:08 [3 map[area_id:4 area_name:海淀区 houses:<nil>]]
[INFO][GetArea.go:56]2020/02/02 12:39:08 [10 map[area_id:11 area_name:怀柔区 houses:<nil>]]
[INFO][GetArea.go:56]2020/02/02 12:39:08 [4 map[area_id:5 area_name:昌平区 houses:<nil>]]
[INFO][GetArea.go:56]2020/02/02 12:39:08 [11 map[area_id:12 area_name:平谷区 houses:<nil>]]
[INFO][GetArea.go:56]2020/02/02 12:39:08 [5 map[area_id:6 area_name:丰台区 houses:<nil>]]
[INFO][GetArea.go:56]2020/02/02 12:39:08 [12 map[area_id:13 area_name:密云区 houses:<nil>]]
[INFO][GetArea.go:56]2020/02/02 12:39:08 [13 map[area_id:14 area_name:延 庆区 houses:<nil>]]
[INFO][GetArea.go:56]2020/02/02 12:39:08 [6 map[area_id:7 area_name:房山区 houses:<nil>]]
[INFO][GetArea.go:56]2020/02/02 12:39:08 [14 map[area_id:15 area_name:石景山区 houses:<nil>]]
[INFO][GetArea.go:56]2020/02/02 12:39:08 [7 map[area_id:8 area_name:通州区 houses:<nil>]]
[INFO][GetArea.go:56]2020/02/02 12:39:08 [8 map[area_id:9 area_name:顺义区 houses:<nil>]]
[INFO][GetArea.go:56]2020/02/02 12:39:19 [9 map[area_id:10 area_name:大兴区 houses:<nil>]]
[INFO][GetArea.go:56]2020/02/02 12:39:19 [10 map[area_id:11 area_name:怀柔区 houses:<nil>]]
[INFO][GetArea.go:56]2020/02/02 12:39:19 [11 map[area_id:12 area_name:平谷区 houses:<nil>]]
[INFO][GetArea.go:56]2020/02/02 12:39:19 [12 map[area_id:13 area_name:密云区 houses:<nil>]]
[INFO][GetArea.go:56]2020/02/02 12:39:19 [13 map[area_id:14 area_name:延 庆区 houses:<nil>]]
[INFO][GetArea.go:56]2020/02/02 12:39:19 [14 map[area_id:15 area_name:石景山区 houses:<nil>]]
[INFO][GetArea.go:89]2020/02/02 14:38:31 [写入缓存]
[INFO][GetArea.go:89]2020/02/02 18:39:38 [写入缓存]
[INFO][GetArea.go:89]2020/02/02 20:32:24 [写入缓存]
[INFO][GetArea.go:89]2020/02/03 10:26:21 [写入缓存]
